[debug] > Exec(early(addDefaultCommands), None, None)
[debug] > Exec(addDefaultCommands, None, None)
[debug] > Exec(early(initialize), None, None)
[debug] > Exec(initialize, None, None)
[debug] > Exec(early(addPluginSbtFile="""C:\Users\Abdullah\AppData\Local\Temp\idea.sbt"""), None, None)
[debug] > Exec(addPluginSbtFile="""C:\Users\Abdullah\AppData\Local\Temp\idea.sbt""", None, None)
[debug] > Exec(boot, None, None)
[debug] > Exec(writeSbtVersion, None, None)
[debug] > Exec(reload, None, None)
[debug] > Exec(sbtStashOnFailure, None, None)
[debug] > Exec(onFailure loadFailed, None, None)
[debug] > Exec(loadp, None, None)
[info] welcome to sbt 1.9.8 (Oracle Corporation Java 1.8.0_202)
[debug]       Load.loadUnit: plugins took 181.6025ms
[debug]       Load.loadUnit: defsScala took 0.3175ms
[debug] [Loading] Scanning directory C:\Users\Abdullah\.sbt\1.0\plugins
[debug] [Loading] Found non-root projects 
[debug] [Loading] Done in C:\Users\Abdullah\.sbt\1.0\plugins, returning: ()
[debug] deducing auto plugins based on known facts Set(Atom(sbt.plugins.CorePlugin)) and clauses Clauses(Clause(Atom(sbt.plugins.JvmPlugin),Set(Atom(sbt.plugins.IvyPlugin)))
[debug] Clause(Atom(sbt.ScriptedPlugin),Set(Atom(sbt.plugins.JvmPlugin)))
[debug] Clause(Atom(sbt.plugins.SbtPlugin),Set(Atom(sbt.ScriptedPlugin)))
[debug] Clause(Atom(sbt.plugins.SemanticdbPlugin),Set(Atom(sbt.plugins.JvmPlugin)))
[debug] Clause(Atom(sbt.plugins.JUnitXmlReportPlugin),Set(Atom(sbt.plugins.JvmPlugin)))
[debug] Clause(Atom(sbt.plugins.MiniDependencyTreePlugin),Set(Atom(sbt.plugins.JvmPlugin)))
[debug] Clause(Atom(sbt.plugins.CorePlugin),Set(Atom(sbt.plugins.IvyPlugin)))
[debug] Clause(Atom(sbt.plugins.IvyPlugin),Set(Atom(sbt.plugins.JvmPlugin)))
[debug] Clause(Atom(sbt.plugins.JvmPlugin),Set(Atom(sbt.plugins.SemanticdbPlugin)))
[debug] Clause(Atom(sbt.plugins.JvmPlugin),Set(Atom(sbt.plugins.JUnitXmlReportPlugin)))
[debug] Clause(Atom(sbt.plugins.CorePlugin),Set(Atom(sbt.plugins.Giter8TemplatePlugin)))
[debug] Clause(Atom(sbt.plugins.JvmPlugin),Set(Atom(sbt.plugins.MiniDependencyTreePlugin))))
[debug]   :: deduced result: Matched(sbt.plugins.CorePlugin,sbt.plugins.Giter8TemplatePlugin,sbt.plugins.IvyPlugin,sbt.plugins.JvmPlugin,sbt.plugins.MiniDependencyTreePlugin,sbt.plugins.JUnitXmlReportPlugin,sbt.plugins.SemanticdbPlugin)
[debug] Plugins.deducer#function took 26.5108 ms
[debug]           Load.resolveProject(global-plugins) took 184.4344ms
[debug]         Load.loadTransitive: finalizeProject(Project(id global-plugins, base: C:\Users\Abdullah\.sbt\1.0\plugins, plugins: List(<none>))) took 244.8989ms
[debug] [Loading] Done in C:\Users\Abdullah\.sbt\1.0\plugins, returning: (global-plugins)
[debug]       Load.loadUnit: loadedProjectsRaw took 278.0782ms
[debug]       Load.loadUnit: cleanEvalClasses took 0.5467ms
[debug]     Load.loadUnit(file:/C:/Users/Abdullah/.sbt/1.0/plugins/, ...) took 471.6783ms
[debug]   Load.apply: load took 693.2418ms
[debug]   Load.apply: resolveProjects took 10.9867ms
[debug]   Load.apply: finalTransforms took 81.4848ms
[debug]   Load.apply: config.delegates took 13.2263ms
[debug]   Load.apply: Def.make(settings)... took 750.094ms
[debug]   Load.apply: structureIndex took 221.4933ms
[debug]   Load.apply: mkStreams took 2.7842ms
[info] loading global plugins from C:\Users\Abdullah\.sbt\1.0\plugins
[debug] Running task... Cancel: Signal, check cycles: false, forcegc: true
[debug] Load.defaultLoad until apply took 3918.9891ms
[debug]           Load.loadUnit: plugins took 31.7529ms
[debug]           Load.loadUnit: defsScala took 0.0051ms
[debug] [Loading] Scanning directory C:\Users\Abdullah\Desktop\BigDataProject\project
[debug]             Load.loadUnit: mkEval took 11.6553ms
[debug] [Loading] Found non-root projects 
[debug] [Loading] Done in C:\Users\Abdullah\Desktop\BigDataProject\project, returning: ()
[debug] deducing auto plugins based on known facts Set(Atom(sbt.plugins.CorePlugin)) and clauses Clauses(Clause(Atom(sbt.plugins.JvmPlugin),Set(Atom(sbt.plugins.IvyPlugin)))
[debug] Clause(Atom(sbt.ScriptedPlugin),Set(Atom(sbt.plugins.JvmPlugin)))
[debug] Clause(Atom(sbt.plugins.SbtPlugin),Set(Atom(sbt.ScriptedPlugin)))
[debug] Clause(Atom(sbt.plugins.SemanticdbPlugin),Set(Atom(sbt.plugins.JvmPlugin)))
[debug] Clause(Atom(sbt.plugins.JUnitXmlReportPlugin),Set(Atom(sbt.plugins.JvmPlugin)))
[debug] Clause(Atom(sbt.plugins.MiniDependencyTreePlugin),Set(Atom(sbt.plugins.JvmPlugin)))
[debug] Clause(Atom(sbt.plugins.CorePlugin),Set(Atom(sbt.plugins.IvyPlugin)))
[debug] Clause(Atom(sbt.plugins.IvyPlugin),Set(Atom(sbt.plugins.JvmPlugin)))
[debug] Clause(Atom(sbt.plugins.JvmPlugin),Set(Atom(sbt.plugins.SemanticdbPlugin)))
[debug] Clause(Atom(sbt.plugins.JvmPlugin),Set(Atom(sbt.plugins.JUnitXmlReportPlugin)))
[debug] Clause(Atom(sbt.plugins.CorePlugin),Set(Atom(sbt.plugins.Giter8TemplatePlugin)))
[debug] Clause(Atom(sbt.plugins.JvmPlugin),Set(Atom(sbt.plugins.MiniDependencyTreePlugin))))
[debug]   :: deduced result: Matched(sbt.plugins.CorePlugin,sbt.plugins.Giter8TemplatePlugin,sbt.plugins.IvyPlugin,sbt.plugins.JvmPlugin,sbt.plugins.MiniDependencyTreePlugin,sbt.plugins.JUnitXmlReportPlugin,sbt.plugins.SemanticdbPlugin)
[debug] Plugins.deducer#function took 3.175 ms
[info] loading settings for project bigdataproject-build from idea.sbt ...
[debug]               Load.resolveProject(bigdataproject-build) took 6.841ms
[debug]             Load.loadTransitive: finalizeProject(Project(id bigdataproject-build, base: C:\Users\Abdullah\Desktop\BigDataProject\project, plugins: List(<none>))) took 10.8279ms
[debug] [Loading] Done in C:\Users\Abdullah\Desktop\BigDataProject\project, returning: (bigdataproject-build)
[debug]           Load.loadUnit: loadedProjectsRaw took 299.8183ms
[debug]           Load.loadUnit: cleanEvalClasses took 7.9332ms
[debug]         Load.loadUnit(file:/C:/Users/Abdullah/Desktop/BigDataProject/project/, ...) took 340.7746ms
[debug]       Load.apply: load took 342.8444ms
[debug]       Load.apply: resolveProjects took 0.2434ms
[debug]       Load.apply: finalTransforms took 21.1207ms
[debug]       Load.apply: config.delegates took 0.9048ms
[debug]       Load.apply: Def.make(settings)... took 112.8894ms
[debug]       Load.apply: structureIndex took 39.5164ms
[debug]       Load.apply: mkStreams took 0.0031ms
[info] loading project definition from C:\Users\Abdullah\Desktop\BigDataProject\project
[debug] Running task... Cancel: Signal, check cycles: false, forcegc: true
[warn] Unrecognized repository Scala Plugin Bundled Repository, ignoring it
[warn] Unrecognized repository Scala Plugin Bundled Repository, ignoring it
[debug]     Load.loadUnit: plugins took 2637.9452ms
[debug]     Load.loadUnit: defsScala took 0.0025ms
[debug] [Loading] Scanning directory C:\Users\Abdullah\Desktop\BigDataProject
[debug]       Load.loadUnit: mkEval took 0.239ms
[debug] [Loading] Found root project root w/ remaining 
[debug] deducing auto plugins based on known facts Set(Atom(sbt.plugins.CorePlugin)) and clauses Clauses(Clause(Atom(sbt.plugins.JvmPlugin),Set(Atom(sbt.plugins.IvyPlugin)))
[debug] Clause(Atom(sbt.ScriptedPlugin),Set(Atom(sbt.plugins.JvmPlugin)))
[debug] Clause(Atom(sbt.plugins.SbtPlugin),Set(Atom(sbt.ScriptedPlugin)))
[debug] Clause(Atom(sbt.plugins.SemanticdbPlugin),Set(Atom(sbt.plugins.JvmPlugin)))
[debug] Clause(Atom(sbt.plugins.JUnitXmlReportPlugin),Set(Atom(sbt.plugins.JvmPlugin)))
[debug] Clause(Atom(sbt.plugins.MiniDependencyTreePlugin),Set(Atom(sbt.plugins.JvmPlugin)))
[debug] Clause(Atom(org.jetbrains.sbt.StructurePlugin),Set(Atom(sbt.plugins.JvmPlugin)))
[debug] Clause(Atom(org.jetbrains.sbt.IdeaShellPlugin),Set(Atom(sbt.plugins.JvmPlugin)))
[debug] Clause(Atom(org.jetbrains.sbt.indices.SbtIntellijIndicesPlugin),Set(Atom(sbt.plugins.JvmPlugin)))
[debug] Clause(Atom(sbt.plugins.CorePlugin),Set(Atom(sbt.plugins.IvyPlugin)))
[debug] Clause(Atom(sbt.plugins.IvyPlugin),Set(Atom(sbt.plugins.JvmPlugin)))
[debug] Clause(Atom(sbt.plugins.JvmPlugin),Set(Atom(sbt.plugins.SemanticdbPlugin)))
[debug] Clause(Atom(sbt.plugins.JvmPlugin),Set(Atom(sbt.plugins.JUnitXmlReportPlugin)))
[debug] Clause(Atom(sbt.plugins.CorePlugin),Set(Atom(sbt.plugins.Giter8TemplatePlugin)))
[debug] Clause(Atom(sbt.plugins.JvmPlugin),Set(Atom(sbt.plugins.MiniDependencyTreePlugin)))
[debug] Clause(Atom(sbt.plugins.JvmPlugin),Set(Atom(org.jetbrains.sbt.StructurePlugin)))
[debug] Clause(Atom(sbt.plugins.JvmPlugin),Set(Atom(org.jetbrains.sbt.IdeaShellPlugin)))
[debug] Clause(And(Set(Atom(sbt.plugins.CorePlugin), Atom(sbt.plugins.JvmPlugin))),Set(Atom(org.jetbrains.sbt.indices.SbtIntellijIndicesPlugin))))
[debug]   :: deduced result: Matched(sbt.plugins.CorePlugin,sbt.plugins.Giter8TemplatePlugin,sbt.plugins.IvyPlugin,sbt.plugins.JvmPlugin,sbt.plugins.SemanticdbPlugin,org.jetbrains.sbt.indices.SbtIntellijIndicesPlugin,sbt.plugins.JUnitXmlReportPlugin,org.jetbrains.sbt.IdeaShellPlugin,org.jetbrains.sbt.StructurePlugin,sbt.plugins.MiniDependencyTreePlugin)
[debug] Plugins.deducer#function took 2.6988 ms
[info] loading settings for project root from build.sbt ...
[debug]         Load.resolveProject(root) took 34.1684ms
[debug]       Load.loadTransitive: finalizeProject(Project(id root, base: C:\Users\Abdullah\Desktop\BigDataProject, plugins: List(<none>))) took 39.0074ms
[debug] [Loading] Done in C:\Users\Abdullah\Desktop\BigDataProject, returning: (root)
[debug]     Load.loadUnit: loadedProjectsRaw took 5401.448ms
[debug]     Load.loadUnit: cleanEvalClasses took 25.6908ms
[debug]   Load.loadUnit(file:/C:/Users/Abdullah/Desktop/BigDataProject/, ...) took 8065.8493ms
[debug] Load.apply: load took 8067.8129ms
[debug] Load.apply: resolveProjects took 0.1115ms
[debug] Load.apply: finalTransforms took 29.2819ms
[debug] Load.apply: config.delegates took 0.4145ms
[debug] Load.apply: Def.make(settings)... took 86.2448ms
[debug] Load.apply: structureIndex took 29.6148ms
[debug] Load.apply: mkStreams took 0.0041ms
[info] set current project to BigDataProject (in build file:/C:/Users/Abdullah/Desktop/BigDataProject/)
[debug] > Exec(sbtPopOnFailure, None, None)
[debug] > Exec(resumeFromFailure, None, None)
[debug] > Exec(notifyUsersAboutShell, None, None)
[debug] > Exec(iflast shell, None, None)
[debug] > Exec(; set ideaPort in Global := 61937 ; idea-shell, None, None)
[debug] > Exec(set ideaPort in Global := 61937, None, None)
[info] Defining Global / ideaPort
[info] The new value will be used by Compile / compile, Test / compile
[debug] Defining 
[debug] 	Global / ideaPort
[debug] 
[debug] The new value will be used by 
[debug] 	Compile / compile
[debug] 	Test / compile
[info] Reapplying settings...
[info] set current project to BigDataProject (in build file:/C:/Users/Abdullah/Desktop/BigDataProject/)
[debug] > Exec(idea-shell, None, None)
